<?xml version="1.0" encoding="UTF-8"?>
<testsuite xmlns:xsi="http://www.w3.org/2001/XMLSchema-instance"
           xsi:noNamespaceSchemaLocation="https://maven.apache.org/surefire/maven-surefire-plugin/xsd/surefire-test-report.xsd"
           version="3.0" name="com.guztaver.nexz.NexzApplicationTests" time="4.166" tests="1" errors="0" skipped="0"
           failures="0">
    <properties>
[...]
</properties>
    <testcase name="contextLoads" classname="com.guztaver.nexz.NexzApplicationTests" time="1.179">
        <system-out><![CDATA[09:53:34.505 [main] INFO org.springframework.test.context.support.AnnotationConfigContextLoaderUtils -- Could not detect default configuration classes for test class [com.guztaver.nexz.NexzApplicationTests]: NexzApplicationTests does not declare any static, non-private, non-final, nested classes annotated with @Configuration.
09:53:34.670 [main] INFO org.springframework.boot.test.context.SpringBootTestContextBootstrapper -- Found @SpringBootConfiguration com.guztaver.nexz.NexzApplication for test class com.guztaver.nexz.NexzApplicationTests
09:53:34.924 [main] INFO org.springframework.boot.devtools.restart.RestartApplicationListener -- Restart disabled due to context in which it is running

  .   ____          _            __ _ _
 /\\ / ___'_ __ _ _(_)_ __  __ _ \ \ \ \
( ( )\___ | '_ | '_| | '_ \/ _` | \ \ \ \
 \\/  ___)| |_)| | | | | || (_| |  ) ) ) )
  '  |____| .__|_| |_|_| |_\__, | / / / /
 =========|_|==============|___/=/_/_/_/
 :: Spring Boot ::                (v3.1.5)

2023-11-06T09:53:35.282-03:00  INFO 14580 --- [           main] com.guztaver.nexz.NexzApplicationTests   : Starting NexzApplicationTests using Java 21.0.1 with PID 14580 (started by gutad in C:\Users\gutad\IdeaProjects\nexz)
2023-11-06T09:53:35.284-03:00  INFO 14580 --- [           main] com.guztaver.nexz.NexzApplicationTests   : No active profile set, falling back to 1 default profile: "default"
2023-11-06T09:53:37.186-03:00  INFO 14580 --- [           main] com.guztaver.nexz.NexzApplicationTests   : Started NexzApplicationTests in 2.282 seconds (process running for 3.765)
]]></system-out>
        <system-err><![CDATA[WARNING: A Java agent has been loaded dynamically (C:\Users\gutad\.m2\repository\net\bytebuddy\byte-buddy-agent\1.14.9\byte-buddy-agent-1.14.9.jar)
WARNING: If a serviceability tool is in use, please run with -XX:+EnableDynamicAgentLoading to hide this warning
WARNING: If a serviceability tool is not in use, please run with -Djdk.instrument.traceUsage for more information
WARNING: Dynamic loading of agents will be disallowed by default in a future release
]]></system-err>
    </testcase>
</testsuite>